<?xml version="1.0" encoding="UTF-8"?>
<!-- Generated by org.testng.reporters.JUnitReportReporter -->
<testsuite skipped="0" hostname="DESKTOP-64KAME5" name="tests.LogInTest" tests="11" failures="0" timestamp="02 Aug 2018 16:44:25 GMT" time="11.691" errors="0">
  <testcase name="validUsernameInvalidPasswordLessThan6char" time="3.156" classname="tests.LogInTest"/>
  <testcase name="validUsernameInvalidPassword6char" time="0.976" classname="tests.LogInTest"/>
  <testcase name="invalidUsernameValidPassword" time="0.918" classname="tests.LogInTest"/>
  <testcase name="invalidUsernameinvalidPasswordLessThan6char" time="0.924" classname="tests.LogInTest"/>
  <testcase name="invalidUsernameinvalidPassword6char" time="0.937" classname="tests.LogInTest"/>
  <testcase name="blankUsernameCorrectPassword" time="0.682" classname="tests.LogInTest"/>
  <testcase name="blankUsernameIncorrectPassword" time="0.676" classname="tests.LogInTest"/>
  <testcase name="correctUsernameBlankPassword" time="0.834" classname="tests.LogInTest"/>
  <testcase name="incorrectUsernameBlankPassword" time="0.816" classname="tests.LogInTest"/>
  <testcase name="blankUsernameBlankPassword" time="0.552" classname="tests.LogInTest"/>
  <testcase name="correctUsernameCorrectPassword" time="1.220" classname="tests.LogInTest"/>
</testsuite> <!-- tests.LogInTest -->
